<?xml version="1.0" encoding="UTF-8"?>
<testsuite xmlns:xsi="http://www.w3.org/2001/XMLSchema-instance" xsi:noNamespaceSchemaLocation="https://maven.apache.org/surefire/maven-surefire-plugin/xsd/surefire-test-report.xsd" name="dao.VendingMachineDAOInMemImplTest" time="0.025" tests="5" errors="0" skipped="0" failures="0">
  <properties>
[...]
</properties>
  <testcase name="emtyDAOTest" classname="dao.VendingMachineDAOInMemImplTest" time="0.005"/>
  <testcase name="testGetAllItems" classname="dao.VendingMachineDAOInMemImplTest" time="0.002"/>
  <testcase name="addUpdateItemTest" classname="dao.VendingMachineDAOInMemImplTest" time="0.004"/>
  <testcase name="testAddGetItem" classname="dao.VendingMachineDAOInMemImplTest" time="0.001"/>
  <testcase name="testRemoveStudent" classname="dao.VendingMachineDAOInMemImplTest" time="0.002"/>
</testsuite>